c:\users\anuj\documents\ms5-final\x64\debug\vc143.pdb
c:\users\anuj\documents\ms5-final\x64\debug\vc143.idb
c:\users\anuj\documents\ms5-final\x64\debug\vehicle.obj
c:\users\anuj\documents\ms5-final\x64\debug\utils.obj
c:\users\anuj\documents\ms5-final\x64\debug\readwritable.obj
c:\users\anuj\documents\ms5-final\x64\debug\parking.obj
c:\users\anuj\documents\ms5-final\x64\debug\motorcycle.obj
c:\users\anuj\documents\ms5-final\x64\debug\menu.obj
c:\users\anuj\documents\ms5-final\x64\debug\main.obj
c:\users\anuj\documents\ms5-final\x64\debug\car.obj
c:\users\anuj\documents\ms5-final\x64\debug\ms5-final.exe
c:\users\anuj\documents\ms5-final\x64\debug\ms5-final.ilk
c:\users\anuj\documents\ms5-final\x64\debug\ms5-final.pdb
c:\users\anuj\documents\ms5-final\x64\debug\parking.obj.enc
c:\users\anuj\documents\ms5-final\x64\debug\ms5-final.tlog\cl.command.1.tlog
c:\users\anuj\documents\ms5-final\x64\debug\ms5-final.tlog\cl.read.1.tlog
c:\users\anuj\documents\ms5-final\x64\debug\ms5-final.tlog\cl.write.1.tlog
c:\users\anuj\documents\ms5-final\x64\debug\ms5-final.tlog\link.command.1.tlog
c:\users\anuj\documents\ms5-final\x64\debug\ms5-final.tlog\link.read.1.tlog
c:\users\anuj\documents\ms5-final\x64\debug\ms5-final.tlog\link.write.1.tlog
